ðŸš€ MemoBuild Engine Starting...
   ðŸ”‘ Env Fingerprint: b18d9c1e
ðŸ“„ Parsing Dockerfile...
   ðŸ” Dependency: base image alpine:3.18
ðŸ“Š Building DAG...
ðŸ” Detecting changes (filesystem hashing)...
   - From("alpine:3.18"):  -> 55981c1f
   - Run("apk add --no-cache nodejs npm"):  -> c479fe12
   - Workdir("/app"):  -> 5a5e0db7
   - Copy("package.json", "."):  -> 7cd8a76d
   - Run("npm install"):  -> 616568b2
   - Copy("src", "./src"):  -> 2b33367d
   - Run("npm run build"):  -> aacb1ba1
   - Env("NODE_ENV", "production"):  -> e5291664
   - Cmd("[\"npm\", \"start\"]"):  -> c229c78c
ðŸ”„ Propagating dirty flags...
ðŸ”‘ Recomputing deterministic hashes...
   9 dirty  |  0 cached
ðŸš€ Initiating smart prefetching for 9 nodes...
ðŸ”’ Reproducible build mode enabled
ðŸš€ Starting incremental execution with 2 levels
 Executing level 0: 1 nodes
ðŸ”§ Executing 1 nodes sequentially
âš¡ Cache HIT: From("alpine:3.18") [1eca2a1d]
 Executing level 1: 8 nodes
âš¡ Executing 8 nodes in parallel
ðŸ”§ Rebuilding node: Run("apk add --no-cache nodejs npm")...
ðŸ“¡ [RemoteExec] Dispatching node Run("apk add --no-cache nodejs npm") to build farm
ðŸ“¡ [Client] Dispatching action to build farm: http://localhost:9000/execute
âš¡ Cache HIT: Workdir("/app") [bd4da64b]
âš¡ Cache HIT: Copy("package.json", ".") [6d8c216a]
âš¡ Cache HIT: Run("npm install") [db114aaf]
âš¡ Cache HIT: Copy("src", "./src") [1fbe5ce1]
ðŸ”§ Rebuilding node: Run("npm run build")...
ðŸ“¡ [RemoteExec] Dispatching node Run("npm run build") to build farm
ðŸ“¡ [Client] Dispatching action to build farm: http://localhost:9000/execute
âš¡ Cache HIT: Env("NODE_ENV", "production") [db2abba9]
âš¡ Cache HIT: Cmd("[\"npm\", \"start\"]") [5a03dded]
Error: Remote execution failed with exit code 127: add: apk: command not found

